<?xml version="1.0" encoding="UTF-8"?>
<testng-results skipped="0" failed="0" ignored="0" total="1" passed="1">
  <reporter-output>
    <line>
      <![CDATA[9-10 days]]>
    </line>
  </reporter-output>
  <suite name="Default suite" duration-ms="40454" started-at="2018-11-06T01:57:21Z" finished-at="2018-11-06T01:58:01Z">
    <groups>
    </groups>
    <test name="Default test" duration-ms="40454" started-at="2018-11-06T01:57:21Z" finished-at="2018-11-06T01:58:01Z">
      <class name="com.flipkart.search.BuyBook">
        <test-method status="PASS" signature="PreConditions()[pri:0, instance:com.flipkart.search.BuyBook@2833cc44]" name="PreConditions" is-config="true" duration-ms="13262" started-at="2018-11-06T01:57:21Z" finished-at="2018-11-06T01:57:34Z">
          <reporter-output>
          </reporter-output>
        </test-method> <!-- PreConditions -->
        <test-method status="PASS" signature="ShopBook()[pri:0, instance:com.flipkart.search.BuyBook@2833cc44]" name="ShopBook" duration-ms="27141" started-at="2018-11-06T01:57:34Z" finished-at="2018-11-06T01:58:01Z">
          <reporter-output>
            <line>
              <![CDATA[9-10 days]]>
            </line>
          </reporter-output>
        </test-method> <!-- ShopBook -->
      </class> <!-- com.flipkart.search.BuyBook -->
    </test> <!-- Default test -->
  </suite> <!-- Default suite -->
</testng-results>
